2019-06-03 11:57:05,943 [8] ERROR SystemError [(null)] - MySql.Data.MySqlClient.MySqlException (0x80004005): Unable to connect to any of the specified MySQL hosts.
   at MySqlConnector.Core.ServerSession.ConnectAsync(ConnectionSettings cs, ILoadBalancer loadBalancer, IOBehavior ioBehavior, CancellationToken cancellationToken) in C:\projects\mysqlconnector\src\MySqlConnector\Core\ServerSession.cs:line 279
   at MySql.Data.MySqlClient.MySqlConnection.CreateSessionAsync(IOBehavior ioBehavior, CancellationToken cancellationToken) in C:\projects\mysqlconnector\src\MySqlConnector\MySql.Data.MySqlClient\MySqlConnection.cs:line 375
   at MySql.Data.MySqlClient.MySqlConnection.OpenAsync(IOBehavior ioBehavior, CancellationToken cancellationToken) in C:\projects\mysqlconnector\src\MySqlConnector\MySql.Data.MySqlClient\MySqlConnection.cs:line 153
   at MySql.Data.MySqlClient.MySqlConnection.Open() in C:\projects\mysqlconnector\src\MySqlConnector\MySql.Data.MySqlClient\MySqlConnection.cs:line 138
   at Microsoft.EntityFrameworkCore.Storage.Internal.MySqlConnectionSettings.<>c__DisplayClass2_0.<GetSettings>b__0(String key)
   at System.Collections.Concurrent.ConcurrentDictionary`2.GetOrAdd(TKey key, Func`2 valueFactory)
   at System.Lazy`1.ViaFactory(LazyThreadSafetyMode mode)
   at System.Lazy`1.ExecutionAndPublication(LazyHelper executionAndPublication, Boolean useDefaultConstructor)
   at System.Lazy`1.CreateValue()
   at Microsoft.EntityFrameworkCore.Storage.Internal.MySqlSmartTypeMapper.MaybeConvertMapping(RelationalTypeMapping mapping)
   at Microsoft.EntityFrameworkCore.Storage.RelationalTypeMapper.IsTypeMapped(Type clrType)
   at System.Linq.Enumerable.WhereArrayIterator`1.MoveNext()
   at Microsoft.EntityFrameworkCore.Metadata.Conventions.Internal.PropertyDiscoveryConvention.Apply(InternalEntityTypeBuilder entityTypeBuilder)
   at Microsoft.EntityFrameworkCore.Metadata.Conventions.Internal.ConventionDispatcher.ImmediateConventionScope.OnEntityTypeAdded(InternalEntityTypeBuilder entityTypeBuilder)
   at Microsoft.EntityFrameworkCore.Metadata.Internal.Model.AddEntityType(EntityType entityType)
   at Microsoft.EntityFrameworkCore.Metadata.Internal.InternalModelBuilder.Entity(TypeIdentity type, ConfigurationSource configurationSource)
   at Microsoft.EntityFrameworkCore.ModelBuilder.Entity(Type type)
   at Microsoft.EntityFrameworkCore.Infrastructure.ModelCustomizer.FindSets(ModelBuilder modelBuilder, DbContext context)
   at Microsoft.EntityFrameworkCore.Infrastructure.RelationalModelCustomizer.FindSets(ModelBuilder modelBuilder, DbContext context)
   at Microsoft.EntityFrameworkCore.Infrastructure.RelationalModelCustomizer.Customize(ModelBuilder modelBuilder, DbContext context)
   at Microsoft.EntityFrameworkCore.Infrastructure.ModelSource.CreateModel(DbContext context, IConventionSetBuilder conventionSetBuilder, IModelValidator validator)
   at System.Collections.Concurrent.ConcurrentDictionary`2.GetOrAdd(TKey key, Func`2 valueFactory)
   at Microsoft.EntityFrameworkCore.Internal.DbContextServices.CreateModel()
   at Microsoft.EntityFrameworkCore.Internal.DbContextServices.get_Model()
   at Microsoft.Extensions.DependencyInjection.ServiceLookup.CallSiteRuntimeResolver.VisitScoped(ScopedCallSite scopedCallSite, ServiceProvider provider)
   at Microsoft.Extensions.DependencyInjection.ServiceLookup.CallSiteRuntimeResolver.VisitConstructor(ConstructorCallSite constructorCallSite, ServiceProvider provider)
   at Microsoft.Extensions.DependencyInjection.ServiceLookup.CallSiteRuntimeResolver.VisitScoped(ScopedCallSite scopedCallSite, ServiceProvider provider)
   at Microsoft.Extensions.DependencyInjection.ServiceProviderServiceExtensions.GetRequiredService(IServiceProvider provider, Type serviceType)
   at Microsoft.Extensions.DependencyInjection.ServiceProviderServiceExtensions.GetRequiredService[T](IServiceProvider provider)
   at Microsoft.EntityFrameworkCore.DbContext.get_DbContextDependencies()
   at Microsoft.EntityFrameworkCore.DbContext.get_InternalServiceProvider()
   at Microsoft.EntityFrameworkCore.RelationalDatabaseFacadeExtensions.GetRelationalService[TService](IInfrastructure`1 databaseFacade)
   at Microsoft.EntityFrameworkCore.RelationalDatabaseFacadeExtensions.MigrateAsync(DatabaseFacade databaseFacade, CancellationToken cancellationToken)
   at JuCheap.Core.Services.AppServices.DatabaseInitService.InitAsync(List`1 menues) in C:\Users\zingsq\Desktop\新建文件夹 (2)\复制jucheap\Jucheapcore\JuCheap.Core.Services\AppServices\DatabaseInitService.cs:line 46
